# JRE version: OpenJDK Runtime Environment Temurin-11.0.14.1+1 (11.0.14.1+1) (build 11.0.14.1+1)
# Java VM: OpenJDK 64-Bit Server VM Temurin-11.0.14.1+1 (11.0.14.1+1, mixed mode, tiered, compressed oops, g1 gc, windows-amd64)
Heap:
 garbage-first heap   total 262144K, used 74774K [0x00000000e0000000, 0x0000000100000000)
  region size 1024K, 47 young (48128K), 14 survivors (14336K)
 Metaspace       used 59895K, capacity 62020K, committed 62236K, reserved 309248K
  class space    used 7875K, capacity 8707K, committed 8780K, reserved 253952K
GC Heap History (14 events):
Event: 2.758 GC heap before
{Heap before GC invocations=0 (full 0):
 garbage-first heap   total 262144K, used 29696K [0x00000000e0000000, 0x0000000100000000)
  region size 1024K, 24 young (24576K), 0 survivors (0K)
 Metaspace       used 10142K, capacity 10400K, committed 10624K, reserved 264192K
  class space    used 1036K, capacity 1105K, committed 1152K, reserved 253952K
}
Event: 2.786 GC heap after
{Heap after GC invocations=1 (full 0):
 garbage-first heap   total 262144K, used 9386K [0x00000000e0000000, 0x0000000100000000)
  region size 1024K, 3 young (3072K), 3 survivors (3072K)
 Metaspace       used 10142K, capacity 10400K, committed 10624K, reserved 264192K
  class space    used 1036K, capacity 1105K, committed 1152K, reserved 253952K
}
Event: 14.024 GC heap before
{Heap before GC invocations=1 (full 0):
 garbage-first heap   total 262144K, used 105642K [0x00000000e0000000, 0x0000000100000000)
  region size 1024K, 97 young (99328K), 3 survivors (3072K)
 Metaspace       used 20795K, capacity 21198K, committed 21296K, reserved 274432K
  class space    used 2520K, capacity 2687K, committed 2688K, reserved 253952K
}
Event: 14.044 GC heap after
{Heap after GC invocations=2 (full 0):
 garbage-first heap   total 262144K, used 16708K [0x00000000e0000000, 0x0000000100000000)
  region size 1024K, 11 young (11264K), 11 survivors (11264K)
 Metaspace       used 20795K, capacity 21198K, committed 21296K, reserved 274432K
  class space    used 2520K, capacity 2687K, committed 2688K, reserved 253952K
}
Event: 15.607 GC heap before
{Heap before GC invocations=3 (full 0):
 garbage-first heap   total 262144K, used 81220K [0x00000000e0000000, 0x0000000100000000)
  region size 1024K, 74 young (75776K), 11 survivors (11264K)
 Metaspace       used 27242K, capacity 27874K, committed 28160K, reserved 278528K
  class space    used 3533K, capacity 3773K, committed 3840K, reserved 253952K
}
Event: 15.616 GC heap after
{Heap after GC invocations=4 (full 0):
 garbage-first heap   total 262144K, used 19018K [0x00000000e0000000, 0x0000000100000000)
  region size 1024K, 3 young (3072K), 3 survivors (3072K)
 Metaspace       used 27242K, capacity 27874K, committed 28160K, reserved 278528K
  class space    used 3533K, capacity 3773K, committed 3840K, reserved 253952K
}
Event: 17.153 GC heap before
{Heap before GC invocations=4 (full 0):
 garbage-first heap   total 262144K, used 70218K [0x00000000e0000000, 0x0000000100000000)
  region size 1024K, 55 young (56320K), 3 survivors (3072K)
 Metaspace       used 35214K, capacity 35974K, committed 36048K, reserved 286720K
  class space    used 4526K, capacity 4836K, committed 4864K, reserved 253952K
}
Event: 17.170 GC heap after
{Heap after GC invocations=5 (full 0):
 garbage-first heap   total 262144K, used 21820K [0x00000000e0000000, 0x0000000100000000)
  region size 1024K, 6 young (6144K), 6 survivors (6144K)
 Metaspace       used 35214K, capacity 35974K, committed 36048K, reserved 286720K
  class space    used 4526K, capacity 4836K, committed 4864K, reserved 253952K
}
Event: 20.054 GC heap before
{Heap before GC invocations=6 (full 0):
 garbage-first heap   total 262144K, used 140604K [0x00000000e0000000, 0x0000000100000000)
  region size 1024K, 119 young (121856K), 6 survivors (6144K)
 Metaspace       used 45495K, capacity 46548K, committed 46876K, reserved 294912K
  class space    used 5759K, capacity 6134K, committed 6220K, reserved 253952K
}
Event: 20.069 GC heap after
{Heap after GC invocations=7 (full 0):
 garbage-first heap   total 262144K, used 29114K [0x00000000e0000000, 0x0000000100000000)
  region size 1024K, 13 young (13312K), 13 survivors (13312K)
 Metaspace       used 45495K, capacity 46548K, committed 46876K, reserved 294912K
  class space    used 5759K, capacity 6134K, committed 6220K, reserved 253952K
}
Event: 23.471 GC heap before
{Heap before GC invocations=7 (full 0):
 garbage-first heap   total 262144K, used 172474K [0x00000000e0000000, 0x0000000100000000)
  region size 1024K, 153 young (156672K), 13 survivors (13312K)
 Metaspace       used 55469K, capacity 57256K, committed 57372K, reserved 305152K
  class space    used 7247K, capacity 7905K, committed 8012K, reserved 253952K
}
Event: 23.494 GC heap after
{Heap after GC invocations=8 (full 0):
 garbage-first heap   total 262144K, used 38185K [0x00000000e0000000, 0x0000000100000000)
  region size 1024K, 20 young (20480K), 20 survivors (20480K)
 Metaspace       used 55469K, capacity 57256K, committed 57372K, reserved 305152K
  class space    used 7247K, capacity 7905K, committed 8012K, reserved 253952K
}
Event: 26.059 GC heap before
{Heap before GC invocations=8 (full 0):
 garbage-first heap   total 262144K, used 93481K [0x00000000e0000000, 0x0000000100000000)
  region size 1024K, 75 young (76800K), 20 survivors (20480K)
 Metaspace       used 58562K, capacity 60521K, committed 60636K, reserved 307200K
  class space    used 7666K, capacity 8418K, committed 8524K, reserved 253952K
}
Event: 26.102 GC heap after
{Heap after GC invocations=9 (full 0):
 garbage-first heap   total 262144K, used 42006K [0x00000000e0000000, 0x0000000100000000)
  region size 1024K, 14 young (14336K), 14 survivors (14336K)
 Metaspace       used 58562K, capacity 60521K, committed 60636K, reserved 307200K
  class space    used 7666K, capacity 8418K, committed 8524K, reserved 253952K
}

